[2025-10-26 03:49:58] mapa.html carregado com sucesso no QWebEngineView
[2025-10-26 03:50:10] open_map_external: opened mapa.html in external browser
[2025-10-26 03:50:10] open_map_external: opened mapa.html in external browser
[2025-10-26 03:50:10] open_map_external: opened mapa.html in external browser
[2025-10-26 03:50:11] open_map_external: opened mapa.html in external browser
[2025-10-26 03:50:12] open_map_external: opened mapa.html in external browser
[2025-10-26 03:50:12] open_map_external: opened mapa.html in external browser
[2025-10-26 03:52:38] mapa.html carregado com sucesso no QWebEngineView
[2025-10-26 03:52:47] reload_map: regenerated mapa.html with theme=positron
[2025-10-26 03:52:47] mapa.html carregado com sucesso no QWebEngineView
[2025-10-26 03:52:52] reload_map: regenerated mapa.html with theme=osm
[2025-10-26 03:52:52] mapa.html carregado com sucesso no QWebEngineView
[2025-10-26 03:52:52] reload_map: regenerated mapa.html with theme=osm
[2025-10-26 03:52:53] mapa.html carregado com sucesso no QWebEngineView
[2025-10-26 03:52:56] reload_map: regenerated mapa.html with theme=voyager
[2025-10-26 03:52:56] mapa.html carregado com sucesso no QWebEngineView
[2025-10-26 03:53:00] reload_map: regenerated mapa.html with theme=positron
[2025-10-26 03:53:00] mapa.html carregado com sucesso no QWebEngineView
[2025-10-26 04:00:22] mapa.html carregado com sucesso no QWebEngineView
[2025-10-26 04:06:41] mapa.html carregado com sucesso no QWebEngineView
[2025-10-26 04:10:55] mapa.html carregado com sucesso no QWebEngineView
[2025-10-26 04:11:04] mapa.html carregado com sucesso no QWebEngineView
